
> @website/playform_cloud@0.0.1 prepublishOnly D:\Developer\Application\Playform\Website
> astro build

18:06:15 [types] Added Source/env.d.ts type declarations
✘ [ERROR] The build was canceled

18:06:15 [build] output: "static"
18:06:15 [build] directory: D:\Developer\Application\Playform\Website\Target\
18:06:15 [build] Collecting build info...
18:06:15 [build] ✓ Completed in 423ms.
18:06:15 [build] Building static entrypoints...
18:06:21 [vite] [32m✓ built in 5.94s[39m
18:06:21 [build] ✓ Completed in 6.00s.

 building client (vite) 
18:06:21 [vite] transforming...
18:06:22 [vite] [32m✓[39m 40 modules transformed.
18:06:22 [vite] rendering chunks...
[plugin astro:prefetch] Sourcemap is likely to be incorrect: a plugin (astro:prefetch) was used to transform files, but didn't generate a sourcemap for the transformation. Consult the plugin documentation for help
[plugin astro:transitions] Sourcemap is likely to be incorrect: a plugin (astro:transitions) was used to transform files, but didn't generate a sourcemap for the transformation. Consult the plugin documentation for help
18:06:22 [vite] computing gzip size...
18:06:22 [vite] [2mTarget/[22m[36m_astro/Base.astro_astro_type_script_index_0_lang.2ywJS_04.js             [39m[1m[2m 1.42 kB[22m[1m[22m[2m │ gzip:  0.90 kB[22m[2m │ map:   0.73 kB[22m
18:06:22 [vite] [2mTarget/[22m[36m_astro/page.CY1iZwUD.js                                                  [39m[1m[2m 2.11 kB[22m[1m[22m[2m │ gzip:  1.07 kB[22m[2m │ map:   8.11 kB[22m
18:06:22 [vite] [2mTarget/[22m[36m_astro/ViewTransitions.astro_astro_type_script_index_0_lang.DnFK6dK7.js  [39m[1m[2m13.11 kB[22m[1m[22m[2m │ gzip:  4.62 kB[22m[2m │ map:  35.23 kB[22m
18:06:22 [vite] [2mTarget/[22m[36m_astro/index.esm.CDbocLk8.js                                             [39m[1m[2m39.52 kB[22m[1m[22m[2m │ gzip:  9.33 kB[22m[2m │ map: 197.07 kB[22m
18:06:22 [vite] [2mTarget/[22m[36m_astro/Base.astro_astro_type_script_index_1_lang.CS5FUN8E.js             [39m[1m[2m45.91 kB[22m[1m[22m[2m │ gzip: 13.38 kB[22m[2m │ map:  99.46 kB[22m
18:06:22 [vite] [32m✓ built in 847ms[39m

 generating static routes 
18:06:22 ▶ Source/pages/404.astro
18:06:22   └─ /404.html (+44ms)
18:06:22 ▶ Source/pages/[Slug].astro
18:06:22   ├─ /Terms Of Service/index.html (+40ms)
18:06:22   ├─ /Gdpr/index.html (+10ms)
18:06:22   ├─ /Privacy Policy/index.html (+16ms)
18:06:22   ├─ /Personal Data Protection Policy/index.html (+24ms)
18:06:22   ├─ /TERMS OF SERVICE/index.html (+26ms)
18:06:22   ├─ /GDPR/index.html (+31ms)
18:06:22   ├─ /PRIVACY POLICY/index.html (+23ms)
18:06:22   ├─ /PERSONAL DATA PROTECTION POLICY/index.html (+19ms)
18:06:22   ├─ /terms of service/index.html (+25ms)
18:06:22   ├─ /gdpr/index.html (+18ms)
18:06:22   ├─ /privacy policy/index.html (+11ms)
18:06:22   ├─ /personal data protection policy/index.html (+8ms)
18:06:22   ├─ /Terms-Of-Service/index.html (+18ms)
18:06:22   ├─ /Gdpr/index.html (+26ms)
18:06:22   ├─ /Privacy-Policy/index.html (+11ms)
18:06:23   ├─ /Personal-Data-Protection-Policy/index.html (+15ms)
18:06:23   ├─ /TERMS-OF-SERVICE/index.html (+13ms)
18:06:23   ├─ /GDPR/index.html (+9ms)
18:06:23   ├─ /PRIVACY-POLICY/index.html (+9ms)
18:06:23   ├─ /PERSONAL-DATA-PROTECTION-POLICY/index.html (+6ms)
18:06:23   ├─ /terms-of-service/index.html (+14ms)
18:06:23   ├─ /gdpr/index.html (+11ms)
18:06:23   ├─ /privacy-policy/index.html (+7ms)
18:06:23   └─ /personal-data-protection-policy/index.html (+6ms)
18:06:23 ▶ Source/pages/index.astro
18:06:23   └─ /index.html (+6ms)
18:06:23 ✓ Completed in 503ms.

18:06:23 [@astrojs/sitemap] `sitemap-index.xml` created at `Target`
Successfully inlined a total of 9 HTML files.
Successfully formatted a total of 5 JavaScript and TypeScript files.

 Compress 
✓ Successfully compressed a total of 20 CSS files for 1021 Bytes.
✓ Successfully compressed a total of 9 HTML files for 9.69 KB.
✓ Successfully compressed a total of 9 Image files for 814.89 KB.
18:06:28 [build] Waiting for integration "@playform/compress", hook "astro:build:done"...
✓ Successfully compressed a total of 4 JavaScript files for 39.56 KB.
✓ Successfully compressed a total of 21 SVG files for 190.06 KB.
18:06:30 [build] 26 page(s) built in 15.56s
18:06:30 [build] Complete!
